<?xml version="1.0" encoding="UTF-8" ?>
<testsuite errors="0" failures="0" hostname="DESKTOP-O27LCH3" name="sprint1.SearchDateTest" skipped="0" tests="4" time="19.498" timestamp="2019-03-31T18:48:49">
  <properties>
    <property name="netbeans.autoupdate.country" value="US" />
    <property name="ant.file.type.dtsApp-impl" value="file" />
    <property name="javafx.binarycss" value="false" />
    <property name="javac.test.classpath" value="C:\Program Files (x86)\Java\jdk1.8.0_201\jre/lib/javaws.jar:C:\Program Files (x86)\Java\jdk1.8.0_201\jre/lib/deploy.jar:C:\Program Files (x86)\Java\jdk1.8.0_201\jre/lib/plugin.jar:C:\Users\andre\Documents\ThrounHugbunadar\mysql-connector-java-8.0.14 (2)\mysql-connector-java-8.0.14\mysql-connector-java-8.0.14.jar:build/classes:C:\NetBeans_10.0\platform\modules\ext\junit-4.12.jar:C:\NetBeans_10.0\platform\modules\ext\hamcrest-core-1.3.jar" />
    <property name="manifest.custom.codebase" value="*" />
    <property name="javac.test.sourcepath" value="C:\Users\andre\Documents\ThrounHugbunadar\day-tour-search\app-desktop\dtsApp\build\empty" />
    <property name="javac.includes" value="sprint1/SearchDateTest.java" />
    <property name="ant.core.lib" value="C:\NetBeans_10.0\extide\ant\lib\ant.jar" />
    <property name="javadoc.windowtitle" value="" />
    <property name="javafx.preloader.enabled" value="false" />
    <property name="user.dir" value="C:\Users\andre\Documents\ThrounHugbunadar\day-tour-search\app-desktop\dtsApp" />
    <property name="java.vm.version" value="25.201-b09" />
    <property name="libs.eclipselinkmodelgen.src" value="" />
    <property name="javadoc.notree" value="false" />
    <property name="netbeans.autoupdate.version" value="1.23" />
    <property name="javac.profile.cmd.line.arg" value="" />
    <property name="jdk.home" value="C:\Program Files (x86)\Java\jdk1.8.0_201" />
    <property name="libs.javac-api.src" value="" />
    <property name="javafx.enabled" value="true" />
    <property name="javadoc.noindex" value="false" />
    <property name="sun.os.patch.level" value="" />
    <property name="auxiliary.org-netbeans-modules-projectapi.issue214819_5f_fx_5f_enabled" value="true" />
    <property name="java.vm.specification.name" value="Java Virtual Machine Specification" />
    <property name="netbeans.autoupdate.variant" value="" />
    <property name="have.tests" value="true" />
    <property name="org.xml.sax.driver" value="com.sun.org.apache.xerces.internal.jaxp.SAXParserImpl$JAXPSAXParser" />
    <property name="libs.hamcrest.classpath" value="C:\NetBeans_10.0\platform\modules\ext\hamcrest-core-1.3.jar" />
    <property name="libs.javac-api.javadoc" value="" />
    <property name="os.name" value="Windows 10" />
    <property name="test.class" value="sprint1.SearchDateTest" />
    <property name="jdk.gtk.version" value="2.2" />
    <property name="ap.proc.none.internal" value="" />
    <property name="libs.JWSAntTasks.maven-pom" value="" />
    <property name="libs.testng.src" value="" />
    <property name="javafx.preloader.project.path" value="" />
    <property name="java.vendor.url.bug" value="http://bugreport.sun.com/bugreport/" />
    <property name="javafx.preloader.type" value="none" />
    <property name="libs.jaxb.maven-pom" value="" />
    <property name="os.arch" value="x86" />
    <property name="libs.eclipselink.src" value="" />
    <property name="user.name" value="andre" />
    <property name="copylibs.rebase" value="true" />
    <property name="sun.java.command" value="org.apache.tools.ant.taskdefs.optional.junit.JUnitTestRunner sprint1.SearchDateTest skipNonTests=false filtertrace=true haltOnError=false haltOnFailure=false showoutput=true outputtoformatters=true logfailedtests=true threadid=0 logtestlistenerevents=true formatter=org.apache.tools.ant.taskdefs.optional.junit.BriefJUnitResultFormatter formatter=org.apache.tools.ant.taskdefs.optional.junit.XMLJUnitResultFormatter,C:\Users\andre\Documents\ThrounHugbunadar\day-tour-search\app-desktop\dtsApp\build\test\results\TEST-sprint1.SearchDateTest.xml crashfile=C:\Users\andre\Documents\ThrounHugbunadar\day-tour-search\app-desktop\dtsApp\build\junitvmwatcher3707072487329930547.properties propsfile=C:\Users\andre\Documents\ThrounHugbunadar\day-tour-search\app-desktop\dtsApp\build\junit4439265731080971693.properties" />
    <property name="build.classes.dir" value="build/classes" />
    <property name="build.sysclasspath" value="ignore" />
    <property name="manifest.encoding" value="UTF-8" />
    <property name="file.reference.mysql-connector-java-8.0.14.jar" value="C:\Users\andre\Documents\ThrounHugbunadar\mysql-connector-java-8.0.14 (2)\mysql-connector-java-8.0.14\mysql-connector-java-8.0.14.jar" />
    <property name="ap.supported.internal" value="true" />
    <property name="java.failonerror" value="true" />
    <property name="run.modulepath" value="" />
    <property name="libs.jaxws21.javadoc" value="C:\NetBeans_10.0\java\docs\jaxws-api-doc.zip" />
    <property name="javafx.run.width" value="800" />
    <property name="includes" value="**" />
    <property name="user.country" value="US" />
    <property name="manifest.file" value="manifest.mf" />
    <property name="javadoc.encoding" value="UTF-8" />
    <property name="javac.classpath" value="C:\Program Files (x86)\Java\jdk1.8.0_201\jre/lib/javaws.jar:C:\Program Files (x86)\Java\jdk1.8.0_201\jre/lib/deploy.jar:C:\Program Files (x86)\Java\jdk1.8.0_201\jre/lib/plugin.jar:C:\Users\andre\Documents\ThrounHugbunadar\mysql-connector-java-8.0.14 (2)\mysql-connector-java-8.0.14\mysql-connector-java-8.0.14.jar" />
    <property name="libs.spring-framework400.classpath" value="C:\NetBeans_10.0\ide\modules\org-apache-commons-logging.jar;C:\NetBeans_10.0\java\modules\ext\cglib-2.2.jar;C:\NetBeans_10.0\java\modules\ext\spring-4\spring-aop-4.0.1.RELEASE.jar;C:\NetBeans_10.0\java\modules\ext\spring-4\spring-aspects-4.0.1.RELEASE.jar;C:\NetBeans_10.0\java\modules\ext\spring-4\spring-beans-4.0.1.RELEASE.jar;C:\NetBeans_10.0\java\modules\ext\spring-4\spring-build-src-4.0.1.RELEASE.jar;C:\NetBeans_10.0\java\modules\ext\spring-4\spring-context-4.0.1.RELEASE.jar;C:\NetBeans_10.0\java\modules\ext\spring-4\spring-context-support-4.0.1.RELEASE.jar;C:\NetBeans_10.0\java\modules\ext\spring-4\spring-core-4.0.1.RELEASE.jar;C:\NetBeans_10.0\java\modules\ext\spring-4\spring-expression-4.0.1.RELEASE.jar;C:\NetBeans_10.0\java\modules\ext\spring-4\spring-framework-bom-4.0.1.RELEASE.jar;C:\NetBeans_10.0\java\modules\ext\spring-4\spring-instrument-4.0.1.RELEASE.jar;C:\NetBeans_10.0\java\modules\ext\spring-4\spring-instrument-tomcat-4.0.1.RELEASE.jar;C:\NetBeans_10.0\java\modules\ext\spring-4\spring-jdbc-4.0.1.RELEASE.jar;C:\NetBeans_10.0\java\modules\ext\spring-4\spring-jms-4.0.1.RELEASE.jar;C:\NetBeans_10.0\java\modules\ext\spring-4\spring-messaging-4.0.1.RELEASE.jar;C:\NetBeans_10.0\java\modules\ext\spring-4\spring-orm-4.0.1.RELEASE.jar;C:\NetBeans_10.0\java\modules\ext\spring-4\spring-oxm-4.0.1.RELEASE.jar;C:\NetBeans_10.0\java\modules\ext\spring-4\spring-test-4.0.1.RELEASE.jar;C:\NetBeans_10.0\java\modules\ext\spring-4\spring-tx-4.0.1.RELEASE.jar;C:\NetBeans_10.0\java\modules\ext\spring-4\spring-web-4.0.1.RELEASE.jar;C:\NetBeans_10.0\java\modules\ext\spring-4\spring-webmvc-4.0.1.RELEASE.jar;C:\NetBeans_10.0\java\modules\ext\spring-4\spring-webmvc-portlet-4.0.1.RELEASE.jar;C:\NetBeans_10.0\java\modules\ext\spring-4\spring-websocket-4.0.1.RELEASE.jar" />
    <property name="debug-transport" value="dt_shmem" />
    <property name="netbeans.home" value="C:\NetBeans_10.0\platform" />
    <property name="build.compiler.emacs" value="true" />
    <property name="javac.modulepath" value="" />
    <property name="ant.file.dtsApp-impl" value="C:\Users\andre\Documents\ThrounHugbunadar\day-tour-search\app-desktop\dtsApp\nbproject\build-impl.xml" />
    <property name="javafx.deploy.includeDT" value="true" />
    <property name="java.endorsed.dirs" value="C:\Program Files (x86)\Java\jdk1.8.0_201\jre\lib\endorsed" />
    <property name="ant.file.type.dtsApp" value="file" />
    <property name="libs.groovy-all.src" value="" />
    <property name="libs.junit_5.src" value="C:\NetBeans_10.0\platform\docs\junit-jupiter-api-5.3.1-sources.jar;C:\NetBeans_10.0\platform\docs\junit-jupiter-params-5.3.1-sources.jar;C:\NetBeans_10.0\platform\docs\junit-jupiter-engine-5.3.1-sources.jar" />
    <property name="test.includes" value="sprint1/SearchDateTest.java" />
    <property name="netbeans.dynamic.classpath" value="C:\NetBeans_10.0\platform\core\asm-all-5.0.1.jar;C:\NetBeans_10.0\platform\core\core-base.jar;C:\NetBeans_10.0\platform\core\core.jar;C:\NetBeans_10.0\platform\core\org-netbeans-libs-asm.jar;C:\NetBeans_10.0\platform\core\org-openide-filesystems-compat8.jar;C:\NetBeans_10.0\platform\core\org-openide-filesystems.jar;C:\NetBeans_10.0\nb\core\org-netbeans-upgrader.jar;C:\NetBeans_10.0\nb\core\locale\core_nb.jar" />
    <property name="jnlp.enabled" value="false" />
    <property name="java.vm.specification.version" value="1.8" />
    <property name="plugin.manager.check.updates" value="false" />
    <property name="libs.groovy-all.maven-pom" value="" />
    <property name="netbeans.productversion" value="Apache NetBeans IDE 10.0 (Build incubator-netbeans-release-380-on-20181217)" />
    <property name="javafx.preloader.class" value="" />
    <property name="libs.jaxws21.src" value="" />
    <property name="application.title" value="dtsApp" />
    <property name="netbeans.autoupdate.language" value="en" />
    <property name="java.vendor" value="Oracle Corporation" />
    <property name="jar.index.metainf" value="false" />
    <property name="javac.debug" value="true" />
    <property name="javadoc.splitindex" value="true" />
    <property name="file.separator" value="\" />
    <property name="javac.includesfile.binary" value="C:\Users\andre\Documents\ThrounHugbunadar\day-tour-search\app-desktop\dtsApp\null553248598" />
    <property name="libs.junit_4.maven-pom" value="" />
    <property name="mkdist.disabled" value="false" />
    <property name="javac.test.processorpath" value="C:\Program Files (x86)\Java\jdk1.8.0_201\jre/lib/javaws.jar:C:\Program Files (x86)\Java\jdk1.8.0_201\jre/lib/deploy.jar:C:\Program Files (x86)\Java\jdk1.8.0_201\jre/lib/plugin.jar:C:\Users\andre\Documents\ThrounHugbunadar\mysql-connector-java-8.0.14 (2)\mysql-connector-java-8.0.14\mysql-connector-java-8.0.14.jar:build/classes:C:\NetBeans_10.0\platform\modules\ext\junit-4.12.jar:C:\NetBeans_10.0\platform\modules\ext\hamcrest-core-1.3.jar" />
    <property name="netbeans.buildnumber" value="incubator-netbeans-release-380-on-20181217" />
    <property name="libs.JWSAntTasks.javadoc" value="" />
    <property name="build.generated.sources.dir" value="build/generated-sources" />
    <property name="user.variant" value="" />
    <property name="libs.eclipselinkmodelgen.classpath" value="C:\NetBeans_10.0\java\modules\ext\eclipselink\org.eclipse.persistence.jpa.modelgen.processor-2.5.2.jar" />
    <property name="sun.java.launcher" value="SUN_STANDARD" />
    <property name="libs.jaxb.javadoc" value="C:\NetBeans_10.0\ide\docs\jaxb-api-2.2.5-javadoc.jar" />
    <property name="javac.includes.binary" value="C:\Users\andre\Documents\ThrounHugbunadar\day-tour-search\app-desktop\dtsApp\build\test\classes\sprint1\SearchDateTest.class" />
    <property name="ant.home" value="C:\NetBeans_10.0\extide\ant" />
    <property name="libs.junit_4.src" value="C:\NetBeans_10.0\platform\docs\junit-4.12-sources.jar" />
    <property name="javafx.run.height" value="600" />
    <property name="libs.testng.classpath" value="C:\NetBeans_10.0\platform\modules\ext\testng-6.8.1-dist.jar" />
    <property name="libs.absolutelayout.maven-pom" value="" />
    <property name="ant.java.version" value="1.8" />
    <property name="java.library.path" value="C:\Program Files (x86)\Java\jdk1.8.0_201\jre\bin;C:\WINDOWS\Sun\Java\bin;C:\WINDOWS\system32;C:\WINDOWS;C:\Program Files (x86)\Common Files\Oracle\Java\javapath;C:\Program Files (x86)\Intel\iCLS Client\;C:\Program Files\Intel\iCLS Client\;C:\WINDOWS\system32;C:\WINDOWS;C:\WINDOWS\System32\Wbem;C:\WINDOWS\System32\WindowsPowerShell\v1.0\;C:\Program Files (x86)\Intel\Intel(R) Management Engine Components\DAL;C:\Program Files\Intel\Intel(R) Management Engine Components\DAL;C:\Program Files (x86)\Intel\Intel(R) Management Engine Components\IPT;C:\Program Files\Intel\Intel(R) Management Engine Components\IPT;C:\Program Files\MATLAB\R2017a\bin;C:\WINDOWS\System32\OpenSSH\;C:\Program Files\Intel\WiFi\bin\;C:\Program Files\Common Files\Intel\WirelessCommon\;C:\Program Files\Git\cmd;C:\Program Files\nodejs\;C:\Program Files\Java\jdk1.8.0_191\bin;C:\Program Files (x86)\Common Files\Oracle\Java\javapath;C:\Program Files (x86)\Intel\iCLS Client\;C:\Program Files\Intel\iCLS Client\;C:\WINDOWS\system32;C:\WINDOWS;C:\WINDOWS\System32\Wbem;C:\WINDOWS\System32\WindowsPowerShell\v1.0\;C:\Program Files (x86)\Intel\Intel(R) Management Engine Components\DAL;C:\Program Files\Intel\Intel(R) Management Engine Components\DAL;C:\Program Files (x86)\Intel\Intel(R) Management Engine Components\IPT;C:\Program Files\Intel\Intel(R) Management Engine Components\IPT;C:\Program Files\MATLAB\R2017a\bin;C:\WINDOWS\System32\OpenSSH\;C:\Program Files\Intel\WiFi\bin\;C:\Program Files\Common Files\Intel\WirelessCommon\;C:\Program Files\Git\cmd;C:\Program Files\nodejs\;C:\Users\andre\AppData\Local\Microsoft\WindowsApps;;C:\Users\andre\AppData\Local\Programs\Microsoft VS Code\bin;C:\Users\andre\AppData\Roaming\npm;C:\MinGW\bin;;C:\Quartus\modelsim_ase\win32aloem;." />
    <property name="javadoc.author" value="false" />
    <property name="java.util.logging.config.class" value="org.netbeans.core.startup.TopLogging" />
    <property name="libs.spring-framework400.src" value="" />
    <property name="libs.PostgreSQLDriver.src" value="" />
    <property name="sun.arch.data.model" value="32" />
    <property name="basedir" value="C:\Users\andre\Documents\ThrounHugbunadar\day-tour-search\app-desktop\dtsApp" />
    <property name="libs.jpa20-persistence.maven-pom" value="" />
    <property name="jar.compress" value="false" />
    <property name="path.separator" value=";" />
    <property name="ant.junit.enabletestlistenerevents" value="true" />
    <property name="sun.io.unicode.encoding" value="UnicodeLittle" />
    <property name="libs.jaxws21.classpath" value="C:\NetBeans_10.0\java\modules\ext\jaxws22\FastInfoset.jar;C:\NetBeans_10.0\java\modules\ext\jaxws22\gmbal-api-only.jar;C:\NetBeans_10.0\java\modules\ext\jaxws22\ha-api.jar;C:\NetBeans_10.0\java\modules\ext\jaxws22\javax.mail_1.4.jar;C:\NetBeans_10.0\java\modules\ext\jaxws22\jaxws-rt.jar;C:\NetBeans_10.0\java\modules\ext\jaxws22\jaxws-tools.jar;C:\NetBeans_10.0\java\modules\ext\jaxws22\management-api.jar;C:\NetBeans_10.0\java\modules\ext\jaxws22\mimepull.jar;C:\NetBeans_10.0\java\modules\ext\jaxws22\policy.jar;C:\NetBeans_10.0\java\modules\ext\jaxws22\saaj-impl.jar;C:\NetBeans_10.0\java\modules\ext\jaxws22\stax-ex.jar;C:\NetBeans_10.0\java\modules\ext\jaxws22\stax2-api.jar;C:\NetBeans_10.0\java\modules\ext\jaxws22\streambuffer.jar;C:\NetBeans_10.0\java\modules\ext\jaxws22\woodstox-core-asl.jar;C:\NetBeans_10.0\java\modules\ext\jaxws22\api\jaxws-api.jar;C:\NetBeans_10.0\java\modules\ext\jaxws22\api\jsr181-api.jar;C:\NetBeans_10.0\java\modules\ext\jaxws22\api\javax.annotation.jar;C:\NetBeans_10.0\java\modules\ext\jaxws22\api\saaj-api.jar;C:\NetBeans_10.0\ide\modules\ext\jaxb\activation.jar;C:\NetBeans_10.0\ide\modules\ext\jaxb\api\jaxb-api.jar" />
    <property name="compile.on.save" value="true" />
    <property name="apple.awt.graphics.UseQuartz" value="true" />
    <property name="user.language" value="en" />
    <property name="testng.mode" value="testng" />
    <property name="libs.JAXB-ENDORSED.maven-pom" value="" />
    <property name="libs.eclipselink.maven-pom" value="" />
    <property name="org.netbeans.io.suspend" value="0" />
    <property name="application.vendor" value="Erling Oskar" />
    <property name="test.binaryincludes" value="&lt;nothing&gt;" />
    <property name="manifest.available" value="true" />
    <property name="libs.spring-framework300.maven-pom" value="" />
    <property name="run.test.classpath" value="C:\Program Files (x86)\Java\jdk1.8.0_201\jre/lib/javaws.jar:C:\Program Files (x86)\Java\jdk1.8.0_201\jre/lib/deploy.jar:C:\Program Files (x86)\Java\jdk1.8.0_201\jre/lib/plugin.jar:C:\Users\andre\Documents\ThrounHugbunadar\mysql-connector-java-8.0.14 (2)\mysql-connector-java-8.0.14\mysql-connector-java-8.0.14.jar:build/classes:C:\NetBeans_10.0\platform\modules\ext\junit-4.12.jar:C:\NetBeans_10.0\platform\modules\ext\hamcrest-core-1.3.jar:build/test/classes:C:\NetBeans_10.0\platform\modules\ext\junit-4.12.jar:C:\NetBeans_10.0\platform\modules\ext\hamcrest-core-1.3.jar" />
    <property name="ant.project.invoked-targets" value="test-single" />
    <property name="test.binaryexcludes" value="" />
    <property name="sun.java2d.dpiaware" value="true" />
    <property name="https.nonProxyHosts" value="localhost|127.0.0.1|DESKTOP-O27LCH3" />
    <property name="libs.PostgreSQLDriver.maven-pom" value="" />
    <property name="java.class.version" value="52.0" />
    <property name="libs.eclipselink.javadoc" value="" />
    <property name="platforms.JDK_1.8.compiler" value="modern" />
    <property name="user.properties.file" value="C:\Users\andre\AppData\Roaming\NetBeans\10.0\build.properties" />
    <property name="runtime.encoding" value="UTF-8" />
    <property name="javafx.rebase.libs" value="false" />
    <property name="libs.javac-api.maven-pom" value="" />
    <property name="file.encoding.pkg" value="sun.io" />
    <property name="sun.cpu.endian" value="little" />
    <property name="libs.JAXB-ENDORSED.javadoc" value="" />
    <property name="libs.JWSAntTasks.classpath" value="C:\NetBeans_10.0\java\ant\extra\org-netbeans-modules-javawebstart-anttasks.jar" />
    <property name="libs.spring-framework300.src" value="" />
    <property name="empty.dir" value="C:\Users\andre\Documents\ThrounHugbunadar\day-tour-search\app-desktop\dtsApp\build\empty" />
    <property name="javafx.deploy.backgroundupdate" value="false" />
    <property name="javafx.disable.concurrent.runs" value="false" />
    <property name="test.binarytestincludes" value="" />
    <property name="javafx.preloader.jar.path" value="" />
    <property name="javadoc.preview" value="true" />
    <property name="libs.jpa20-persistence.javadoc" value="" />
    <property name="java.home" value="C:\Program Files (x86)\Java\jdk1.8.0_201\jre" />
    <property name="debug.test.classpath" value="C:\Program Files (x86)\Java\jdk1.8.0_201\jre/lib/javaws.jar:C:\Program Files (x86)\Java\jdk1.8.0_201\jre/lib/deploy.jar:C:\Program Files (x86)\Java\jdk1.8.0_201\jre/lib/plugin.jar:C:\Users\andre\Documents\ThrounHugbunadar\mysql-connector-java-8.0.14 (2)\mysql-connector-java-8.0.14\mysql-connector-java-8.0.14.jar:build/classes:C:\NetBeans_10.0\platform\modules\ext\junit-4.12.jar:C:\NetBeans_10.0\platform\modules\ext\hamcrest-core-1.3.jar:build/test/classes:C:\NetBeans_10.0\platform\modules\ext\junit-4.12.jar:C:\NetBeans_10.0\platform\modules\ext\hamcrest-core-1.3.jar" />
    <property name="netbeans.importclass" value="org.netbeans.upgrade.AutoUpgrade" />
    <property name="ant.project.default-target" value="default" />
    <property name="annotation.processing.run.all.processors" value="true" />
    <property name="jar.archive.disabled" value="true" />
    <property name="libs.PostgreSQLDriver.javadoc" value="" />
    <property name="javafx.main.class" value="en.hi.dtsapp.view.DtsApp" />
    <property name="netbeans.extbrowser.manual_chrome_plugin_install" value="yes" />
    <property name="javafx.application.implementation.version" value="1.0" />
    <property name="http.nonProxyHosts" value="localhost|127.0.0.1|DESKTOP-O27LCH3" />
    <property name="libs.junit_4.javadoc" value="C:\NetBeans_10.0\platform\docs\junit-4.12-javadoc.jar" />
    <property name="platforms.JDK_1.8.bootclasspath" value="C:\Program Files\Java\jdk1.8.0_191\jre\lib\resources.jar;C:\Program Files\Java\jdk1.8.0_191\jre\lib\rt.jar;C:\Program Files\Java\jdk1.8.0_191\jre\lib\sunrsasign.jar;C:\Program Files\Java\jdk1.8.0_191\jre\lib\jsse.jar;C:\Program Files\Java\jdk1.8.0_191\jre\lib\jce.jar;C:\Program Files\Java\jdk1.8.0_191\jre\lib\charsets.jar;C:\Program Files\Java\jdk1.8.0_191\jre\lib\jfr.jar;C:\Program Files\Java\jdk1.8.0_191\jre\classes;C:\Program Files\Java\jdk1.8.0_191\jre\lib\ext\access-bridge-64.jar;C:\Program Files\Java\jdk1.8.0_191\jre\lib\ext\cldrdata.jar;C:\Program Files\Java\jdk1.8.0_191\jre\lib\ext\dnsns.jar;C:\Program Files\Java\jdk1.8.0_191\jre\lib\ext\jaccess.jar;C:\Program Files\Java\jdk1.8.0_191\jre\lib\ext\jfxrt.jar;C:\Program Files\Java\jdk1.8.0_191\jre\lib\ext\localedata.jar;C:\Program Files\Java\jdk1.8.0_191\jre\lib\ext\nashorn.jar;C:\Program Files\Java\jdk1.8.0_191\jre\lib\ext\sunec.jar;C:\Program Files\Java\jdk1.8.0_191\jre\lib\ext\sunjce_provider.jar;C:\Program Files\Java\jdk1.8.0_191\jre\lib\ext\sunmscapi.jar;C:\Program Files\Java\jdk1.8.0_191\jre\lib\ext\sunpkcs11.jar;C:\Program Files\Java\jdk1.8.0_191\jre\lib\ext\zipfs.jar" />
    <property name="javac.test.modulepath" value="" />
    <property name="run.classpath" value="dist/dtsApp.jar:C:\Program Files (x86)\Java\jdk1.8.0_201\jre/lib/javaws.jar:C:\Program Files (x86)\Java\jdk1.8.0_201\jre/lib/deploy.jar:C:\Program Files (x86)\Java\jdk1.8.0_201\jre/lib/plugin.jar:C:\Users\andre\Documents\ThrounHugbunadar\mysql-connector-java-8.0.14 (2)\mysql-connector-java-8.0.14\mysql-connector-java-8.0.14.jar:build/classes" />
    <property name="endorsed.javafx.ant.classpath" value="." />
    <property name="jna.boot.library.name" value="jnidispatch-440" />
    <property name="sun.awt.datatransfer.timeout" value="1000" />
    <property name="annotation.processing.enabled.in.editor" value="false" />
    <property name="nb.native.filechooser" value="false" />
    <property name="sun.management.compiler" value="HotSpot Client Compiler" />
    <property name="javac.deprecation" value="false" />
    <property name="javadoc.use" value="true" />
    <property name="sun.java2d.noddraw" value="true" />
    <property name="javac.processorpath" value="C:\Program Files (x86)\Java\jdk1.8.0_201\jre/lib/javaws.jar:C:\Program Files (x86)\Java\jdk1.8.0_201\jre/lib/deploy.jar:C:\Program Files (x86)\Java\jdk1.8.0_201\jre/lib/plugin.jar:C:\Users\andre\Documents\ThrounHugbunadar\mysql-connector-java-8.0.14 (2)\mysql-connector-java-8.0.14\mysql-connector-java-8.0.14.jar" />
    <property name="libs.hamcrest.maven-pom" value="" />
    <property name="libs.junit_5.classpath" value="C:\NetBeans_10.0\platform\modules\ext\junit-jupiter-api-5.3.1.jar;C:\NetBeans_10.0\platform\modules\ext\junit-jupiter-params-5.3.1.jar;C:\NetBeans_10.0\platform\modules\ext\junit-jupiter-engine-5.3.1.jar" />
    <property name="javac.compilerargs" value="" />
    <property name="ant.file" value="C:\Users\andre\Documents\ThrounHugbunadar\day-tour-search\app-desktop\dtsApp\build.xml" />
    <property name="java.vm.specification.vendor" value="Oracle Corporation" />
    <property name="org.openide.major.version" value="IDE/1" />
    <property name="java.vm.name" value="Java HotSpot(TM) Client VM" />
    <property name="javafx.preloader.jar.filename" value="" />
    <property name="netbeans.user" value="C:\Users\andre\AppData\Roaming\NetBeans\10.0" />
    <property name="javadoc.additionalparam" value="" />
    <property name="java.io.tmpdir" value="C:\Users\andre\AppData\Local\Temp\" />
    <property name="javafx.run.inbrowser.path" value="C:\Program Files\Internet Explorer\IEXPLORE.EXE" />
    <property name="java.vendor.url" value="http://java.oracle.com/" />
    <property name="endorsed.classpath.cmd.line.arg" value="" />
    <property name="jna.loaded" value="true" />
    <property name="junit.available" value="true" />
    <property name="org.openide.awt.ActionReference.completion" value="org.netbeans.modules.apisupport.project.layers.PathCompletions" />
    <property name="sun.boot.library.path" value="C:\Program Files (x86)\Java\jdk1.8.0_201\jre\bin" />
    <property name="have.sources" value="true" />
    <property name="libs.hamcrest.javadoc" value="" />
    <property name="debug.classpath" value="dist/dtsApp.jar:C:\Program Files (x86)\Java\jdk1.8.0_201\jre/lib/javaws.jar:C:\Program Files (x86)\Java\jdk1.8.0_201\jre/lib/deploy.jar:C:\Program Files (x86)\Java\jdk1.8.0_201\jre/lib/plugin.jar:C:\Users\andre\Documents\ThrounHugbunadar\mysql-connector-java-8.0.14 (2)\mysql-connector-java-8.0.14\mysql-connector-java-8.0.14.jar:build/classes" />
    <property name="javac.external.vm" value="false" />
    <property name="javadoc.private" value="false" />
    <property name="test.src.dir" value="test" />
    <property name="ant.file.dtsApp" value="C:\Users\andre\Documents\ThrounHugbunadar\day-tour-search\app-desktop\dtsApp\build.xml" />
    <property name="ap.processors.internal" value="" />
    <property name="meta.inf.dir" value="src/META-INF" />
    <property name="javadoc.encoding.used" value="UTF-8" />
    <property name="dist.jar" value="dist/dtsApp.jar" />
    <property name="libs.spring-framework400.maven-pom" value="" />
    <property name="java.runtime.name" value="Java(TM) SE Runtime Environment" />
    <property name="debug.test.modulepath" value="" />
    <property name="ant.project.name" value="dtsApp" />
    <property name="netbeans.hash.code" value="unique=089ae346c-1688-47fe-a14d-7b3d2c88a81e_1e64de5e-8e57-4070-b15d-3d040ec07b22" />
    <property name="netbeans.default_userdir_root" value="C:\Users\andre\AppData\Roaming\NetBeans" />
    <property name="sun.cpu.isalist" value="pentium_pro+mmx pentium_pro pentium+mmx pentium i486 i386 i86" />
    <property name="libs.spring-framework400.javadoc" value="" />
    <property name="libs.CopyLibs.javadoc" value="" />
    <property name="org.openide.specification.version" value="6.2" />
    <property name="javafx.classpath.extension" value="C:\Program Files (x86)\Java\jdk1.8.0_201\jre/lib/javaws.jar:C:\Program Files (x86)\Java\jdk1.8.0_201\jre/lib/deploy.jar:C:\Program Files (x86)\Java\jdk1.8.0_201\jre/lib/plugin.jar" />
    <property name="user.home" value="C:\Users\andre" />
    <property name="annotation.processing.processors.list" value="" />
    <property name="libs.JWSAntTasks.src" value="" />
    <property name="jar.index" value="false" />
    <property name="libs.CopyLibs.maven-pom" value="" />
    <property name="libs.spring-framework300.javadoc" value="" />
    <property name="libs.absolutelayout.javadoc" value="" />
    <property name="java.specification.name" value="Java Platform API Specification" />
    <property name="java.specification.vendor" value="Oracle Corporation" />
    <property name="libs.javac-api.classpath" value="" />
    <property name="java.version" value="1.8.0_201" />
    <property name="run.jvmargs.ide" value="" />
    <property name="javadoc.version" value="false" />
    <property name="javac.processormodulepath" value="" />
    <property name="org.openide.version" value="deprecated" />
    <property name="platform.java" value="C:\Program Files (x86)\Java\jdk1.8.0_201\jre/bin/java" />
    <property name="source.encoding" value="UTF-8" />
    <property name="ap.cmd.line.internal" value="" />
    <property name="libs.eclipselinkmodelgen.maven-pom" value="" />
    <property name="ant.file.type.jfx-impl" value="file" />
    <property name="libs.eclipselinkmodelgen.javadoc" value="" />
    <property name="ant.file.jfx-impl" value="C:\Users\andre\Documents\ThrounHugbunadar\day-tour-search\app-desktop\dtsApp\nbproject\jfx-impl.xml" />
    <property name="netbeans.home+have.tests" value="true" />
    <property name="annotation.processing.processor.options" value="" />
    <property name="libs.testng.maven-pom" value="" />
    <property name="libs.jaxb.src" value="" />
    <property name="work.dir" value="C:\Users\andre\Documents\ThrounHugbunadar\day-tour-search\app-desktop\dtsApp" />
    <property name="compile.on.save.unsupported.javafx" value="true" />
    <property name="libs.jaxb.classpath" value="C:\NetBeans_10.0\ide\modules\ext\jaxb\jaxb-impl-2.2.5-2.jar;C:\NetBeans_10.0\ide\modules\ext\jaxb\jaxb-xjc-2.2.5-2.jar;C:\NetBeans_10.0\ide\modules\ext\jaxb\jaxb1-impl-2.2.5-2.jar;C:\NetBeans_10.0\ide\modules\ext\jaxb\activation.jar;C:\NetBeans_10.0\ide\modules\ext\jaxb\api\jaxb-api.jar" />
    <property name="do.depend" value="false" />
    <property name="dist.javadoc.dir" value="dist/javadoc" />
    <property name="build.generated.dir" value="build/generated" />
    <property name="javac.source" value="1.8" />
    <property name="javafx.fallback.class" value="com.javafx.main.NoJavaFXFallback" />
    <property name="line.separator" value="&#xd;&#xa;" />
    <property name="java.specification.version" value="1.8" />
    <property name="libs.jaxws21.maven-pom" value="" />
    <property name="java.vm.info" value="mixed mode" />
    <property name="nb.junit.batch" value="true" />
    <property name="junit.forkmode" value="perTest" />
    <property name="sun.boot.class.path" value="C:\Program Files (x86)\Java\jdk1.8.0_201\jre\lib\resources.jar;C:\Program Files (x86)\Java\jdk1.8.0_201\jre\lib\rt.jar;C:\Program Files (x86)\Java\jdk1.8.0_201\jre\lib\sunrsasign.jar;C:\Program Files (x86)\Java\jdk1.8.0_201\jre\lib\jsse.jar;C:\Program Files (x86)\Java\jdk1.8.0_201\jre\lib\jce.jar;C:\Program Files (x86)\Java\jdk1.8.0_201\jre\lib\charsets.jar;C:\Program Files (x86)\Java\jdk1.8.0_201\jre\lib\jfr.jar;C:\Program Files (x86)\Java\jdk1.8.0_201\jre\classes" />
    <property name="javac.target" value="1.8" />
    <property name="built-jar.properties" value="C:\Users\andre\Documents\ThrounHugbunadar\day-tour-search\app-desktop\dtsApp\build\built-jar.properties" />
    <property name="build.test.classes.dir" value="build/test/classes" />
    <property name="src.dir" value="src" />
    <property name="javac.test.compilerargs" value="" />
    <property name="annotation.processing.enabled" value="true" />
    <property name="sun.awt.keepWorkingSetOnMinimize" value="true" />
    <property name="libs.jpa20-persistence.src" value="" />
    <property name="javafx.enable.concurrent.external.runs" value="false" />
    <property name="javafx.deploy.embedJNLP" value="true" />
    <property name="dist.dir" value="dist" />
    <property name="libs.groovy-all.javadoc" value="" />
    <property name="testng.debug.mode" value="" />
    <property name="javac.fork" value="false" />
    <property name="libs.groovy-all.classpath" value="C:\NetBeans_10.0\groovy\modules\ext\groovy.jar;C:\NetBeans_10.0\groovy\modules\ext\groovy-ant.jar" />
    <property name="java.awt.printerjob" value="sun.awt.windows.WPrinterJob" />
    <property name="default.javac.source" value="1.8" />
    <property name="debug-transport-by-os" value="dt_shmem" />
    <property name="sun.jnu.encoding" value="Cp1252" />
    <property name="run.test.jvmargs" value="" />
    <property name="java.runtime.version" value="1.8.0_201-b09" />
    <property name="build.test.results.dir" value="build/test/results" />
    <property name="javafx.run.inbrowser" value="&lt;Default System Browser&gt;" />
    <property name="default.javac.target" value="1.8" />
    <property name="libs.junit_4.classpath" value="C:\NetBeans_10.0\platform\modules\ext\junit-4.12.jar" />
    <property name="user.timezone" value="" />
    <property name="nb.junit.single" value="false" />
    <property name="do.jar" value="true" />
    <property name="netbeans.dirs" value="C:\NetBeans_10.0\nb;C:\NetBeans_10.0\ergonomics;C:\NetBeans_10.0\ide;C:\NetBeans_10.0\extide;C:\NetBeans_10.0\java;C:\NetBeans_10.0\apisupport;C:\NetBeans_10.0\webcommon;C:\NetBeans_10.0\websvccommon;C:\NetBeans_10.0\enterprise;C:\NetBeans_10.0\mobility;C:\NetBeans_10.0\profiler;C:\NetBeans_10.0\python;C:\NetBeans_10.0\php;C:\NetBeans_10.0\identity;C:\NetBeans_10.0\harness;C:\NetBeans_10.0\cnd;C:\NetBeans_10.0\cndext;C:\NetBeans_10.0\dlight;C:\NetBeans_10.0\groovy;C:\NetBeans_10.0\extra;C:\NetBeans_10.0\javacard;C:\NetBeans_10.0\javafx" />
    <property name="java.ext.dirs" value="C:\Program Files (x86)\Java\jdk1.8.0_201\jre\lib\ext;C:\WINDOWS\Sun\Java\lib\ext" />
    <property name="endorsed.classpath" value="" />
    <property name="libs.absolutelayout.classpath" value="C:\NetBeans_10.0\java\modules\ext\AbsoluteLayout.jar" />
    <property name="excludes" value="" />
    <property name="apple.laf.useScreenMenuBar" value="true" />
    <property name="java.class.path" value="C:\Program Files (x86)\Java\jdk1.8.0_201\jre\lib\javaws.jar;C:\Program Files (x86)\Java\jdk1.8.0_201\jre\lib\deploy.jar;C:\Program Files (x86)\Java\jdk1.8.0_201\jre\lib\plugin.jar;C:\Users\andre\Documents\ThrounHugbunadar\mysql-connector-java-8.0.14 (2)\mysql-connector-java-8.0.14\mysql-connector-java-8.0.14.jar;C:\Users\andre\Documents\ThrounHugbunadar\day-tour-search\app-desktop\dtsApp\build\classes;C:\NetBeans_10.0\platform\modules\ext\junit-4.12.jar;C:\NetBeans_10.0\platform\modules\ext\hamcrest-core-1.3.jar;C:\Users\andre\Documents\ThrounHugbunadar\day-tour-search\app-desktop\dtsApp\build\test\classes;C:\NetBeans_10.0\extide\ant\lib\ant-launcher.jar;C:\NetBeans_10.0\extide\ant\lib\ant.jar;C:\NetBeans_10.0\extide\ant\lib\ant-junit.jar;C:\NetBeans_10.0\extide\ant\lib\ant-junit4.jar" />
    <property name="libs.absolutelayout.src" value="" />
    <property name="libs.jpa20-persistence.classpath" value="C:\NetBeans_10.0\java\modules\ext\eclipselink\javax.persistence-2.1.0.jar" />
    <property name="libs.junit_5.javadoc" value="C:\NetBeans_10.0\platform\docs\junit-jupiter-api-5.3.1-javadoc.jar;C:\NetBeans_10.0\platform\docs\junit-jupiter-params-5.3.1-javadoc.jar;C:\NetBeans_10.0\platform\docs\junit-jupiter-engine-5.3.1-javadoc.jar" />
    <property name="os.version" value="10.0" />
    <property name="application.args" value="" />
    <property name="manifest.custom.permissions" value="" />
    <property name="main.class.available" value="true" />
    <property name="sun.awt.enableExtraMouseButtons" value="true" />
    <property name="sun.desktop" value="windows" />
    <property name="javafx.deploy.allowoffline" value="true" />
    <property name="libs.JAXB-ENDORSED.classpath" value="C:\NetBeans_10.0\ide\modules\ext\jaxb\api\jaxb-api.jar" />
    <property name="nb.internal.action.name" value="run.single" />
    <property name="run.test.modulepath" value="" />
    <property name="libs.eclipselink.classpath" value="C:\NetBeans_10.0\java\modules\ext\eclipselink\org.eclipse.persistence.core-2.5.2.jar;C:\NetBeans_10.0\java\modules\ext\eclipselink\org.eclipse.persistence.asm-2.5.2.jar;C:\NetBeans_10.0\java\modules\ext\eclipselink\org.eclipse.persistence.antlr-2.5.2.jar;C:\NetBeans_10.0\java\modules\ext\eclipselink\org.eclipse.persistence.jpa-2.5.2.jar;C:\NetBeans_10.0\java\modules\ext\eclipselink\org.eclipse.persistence.jpa.jpql-2.5.2.jar;C:\NetBeans_10.0\java\modules\ext\eclipselink\javax.persistence-2.1.0.jar" />
    <property name="java.awt.graphicsenv" value="sun.awt.Win32GraphicsEnvironment" />
    <property name="java.vm.vendor" value="Oracle Corporation" />
    <property name="libs.CopyLibs.classpath" value="C:\NetBeans_10.0\java\ant\extra\org-netbeans-modules-java-j2seproject-copylibstask.jar" />
    <property name="libs.spring-framework300.classpath" value="C:\NetBeans_10.0\ide\modules\org-apache-commons-logging.jar;C:\NetBeans_10.0\java\modules\ext\cglib-2.2.jar;C:\NetBeans_10.0\java\modules\ext\spring-3.0\spring-aop-3.2.7.RELEASE.jar;C:\NetBeans_10.0\java\modules\ext\spring-3.0\spring-aspects-3.2.7.RELEASE.jar;C:\NetBeans_10.0\java\modules\ext\spring-3.0\spring-beans-3.2.7.RELEASE.jar;C:\NetBeans_10.0\java\modules\ext\spring-3.0\spring-build-src-3.2.7.RELEASE.jar;C:\NetBeans_10.0\java\modules\ext\spring-3.0\spring-context-3.2.7.RELEASE.jar;C:\NetBeans_10.0\java\modules\ext\spring-3.0\spring-context-support-3.2.7.RELEASE.jar;C:\NetBeans_10.0\java\modules\ext\spring-3.0\spring-core-3.2.7.RELEASE.jar;C:\NetBeans_10.0\java\modules\ext\spring-3.0\spring-expression-3.2.7.RELEASE.jar;C:\NetBeans_10.0\java\modules\ext\spring-3.0\spring-framework-bom-3.2.7.RELEASE.jar;C:\NetBeans_10.0\java\modules\ext\spring-3.0\spring-instrument-3.2.7.RELEASE.jar;C:\NetBeans_10.0\java\modules\ext\spring-3.0\spring-instrument-tomcat-3.2.7.RELEASE.jar;C:\NetBeans_10.0\java\modules\ext\spring-3.0\spring-jdbc-3.2.7.RELEASE.jar;C:\NetBeans_10.0\java\modules\ext\spring-3.0\spring-jms-3.2.7.RELEASE.jar;C:\NetBeans_10.0\java\modules\ext\spring-3.0\spring-orm-3.2.7.RELEASE.jar;C:\NetBeans_10.0\java\modules\ext\spring-3.0\spring-oxm-3.2.7.RELEASE.jar;C:\NetBeans_10.0\java\modules\ext\spring-3.0\spring-struts-3.2.7.RELEASE.jar;C:\NetBeans_10.0\java\modules\ext\spring-3.0\spring-test-3.2.7.RELEASE.jar;C:\NetBeans_10.0\java\modules\ext\spring-3.0\spring-tx-3.2.7.RELEASE.jar;C:\NetBeans_10.0\java\modules\ext\spring-3.0\spring-web-3.2.7.RELEASE.jar;C:\NetBeans_10.0\java\modules\ext\spring-3.0\spring-webmvc-3.2.7.RELEASE.jar;C:\NetBeans_10.0\java\modules\ext\spring-3.0\spring-webmvc-portlet-3.2.7.RELEASE.jar" />
    <property name="libs.junit_5.maven-pom" value="" />
    <property name="libs.hamcrest.src" value="" />
    <property name="run.jvmargs" value="" />
    <property name="libs.JAXB-ENDORSED.src" value="" />
    <property name="libs.testng.javadoc" value="C:\NetBeans_10.0\platform\docs\testng-6.8.1-javadoc.zip" />
    <property name="platforms.JDK_1.8.home" value="C:\Program Files\Java\jdk1.8.0_191" />
    <property name="user.script" value="" />
    <property name="libs.PostgreSQLDriver.classpath" value="C:\NetBeans_10.0\ide\modules\ext\postgresql-42.2.5.jar" />
    <property name="annotation.processing.source.output" value="build/generated-sources/ap-source-output" />
    <property name="main.class" value="com.javafx.main.Main" />
    <property name="libs.CopyLibs.src" value="" />
    <property name="build.dir" value="build" />
    <property name="debug.modulepath" value="" />
    <property name="ant.version" value="Apache Ant(TM) version 1.10.4 compiled on June 19 2018" />
    <property name="file.encoding" value="Cp1252" />
    <property name="build.classes.excludes" value="**/*.java,**/*.form" />
    <property name="jdkBug6558476" value="false" />
    <property name="javadoc.nonavbar" value="false" />
    <property name="platform.active" value="default_platform" />
    <property name="awt.toolkit" value="sun.awt.windows.WToolkit" />
  </properties>
  <testcase classname="sprint1.SearchDateTest" name="testNotEmpty" time="5.045" />
  <testcase classname="sprint1.SearchDateTest" name="testSearchByValidDate" time="4.643" />
  <testcase classname="sprint1.SearchDateTest" name="testSearchByInvalidDate" time="5.136" />
  <testcase classname="sprint1.SearchDateTest" name="testNotNull" time="4.598" />
  <system-out><![CDATA[Connected to database using TourDAO.java
Connected to database using TourDAO.java
length of distinct list is 7
Connected to database using TourDAO.java
Connected to database using TourDAO.java
length of distinct list is 7
Sun May 05 00:00:00 GMT 2019
Tue May 07 00:00:00 GMT 2019
Connected to database using TourDAO.java
Connected to database using TourDAO.java
length of distinct list is 7
Sat Apr 01 00:00:00 GMT 11290
Wed Apr 05 00:00:00 GMT 11290
Connected to database using TourDAO.java
Connected to database using TourDAO.java
length of distinct list is 7
]]></system-out>
  <system-err><![CDATA[]]></system-err>
</testsuite>
